app/build/outputs/logs/manifest-merger-release-report.txt
-- Merging decision tree log ---
manifest
ADDED from src\main\AndroidManifest.xml:2:1-302:12
INJECTED from src\main\AndroidManifest.xml:2:1-302:12
INJECTED from src\main\AndroidManifest.xml:2:1-302:12
MERGED from [com.android.support:preference-v14:26.1.0] AndroidManifest.xml:17:1-28:12
MERGED from [com.android.support:design:26.1.0] AndroidManifest.xml:17:1-31:12
MERGED from [com.android.support:preference-v7:26.1.0] AndroidManifest.xml:17:1-28:12
MERGED from [com.android.support:appcompat-v7:26.1.0] AndroidManifest.xml:17:1-31:12
MERGED from [com.android.support:multidex:1.0.2] AndroidManifest.xml:17:1-22:12
MERGED from [io.anyline:anylinesdk:3.25.0] AndroidManifest.xml:2:1-22:12
MERGED from [com.google.android.gms:play-services-vision:10.0.1] AndroidManifest.xml:2:1-5:12
MERGED from [com.android.support:animated-vector-drawable:26.1.0] AndroidManifest.xml:17:1-28:12
MERGED from [com.android.support:support-vector-drawable:26.1.0] AndroidManifest.xml:17:1-28:12
MERGED from [com.android.support:recyclerview-v7:26.1.0] AndroidManifest.xml:17:1-28:12
MERGED from [com.android.support:transition:26.1.0] AndroidManifest.xml:17:1-28:12
MERGED from [com.google.android.gms:play-services-base:10.0.1] AndroidManifest.xml:16:1-21:12
MERGED from [com.google.android.gms:play-services-tasks:10.0.1] AndroidManifest.xml:2:1-5:12
MERGED from [com.google.android.gms:play-services-basement:10.0.1] AndroidManifest.xml:16:1-23:12
MERGED from [com.android.support:support-v4:26.1.0] AndroidManifest.xml:17:1-31:12
MERGED from [com.android.support:support-fragment:26.1.0] AndroidManifest.xml:17:1-31:12
MERGED from [com.android.support:support-core-ui:26.1.0] AndroidManifest.xml:17:1-31:12
MERGED from [com.android.support:support-media-compat:26.1.0] AndroidManifest.xml:17:1-31:12
MERGED from [com.android.support:support-core-utils:26.1.0] AndroidManifest.xml:17:1-31:12
MERGED from [com.android.support:support-compat:26.1.0] AndroidManifest.xml:17:1-31:12
MERGED from [android.arch.lifecycle:runtime:1.0.0] AndroidManifest.xml:17:1-30:12
INJECTED from src\main\AndroidManifest.xml:2:1-302:12
INJECTED from src\main\AndroidManifest.xml:2:1-302:12
	package
		ADDED from src\main\AndroidManifest.xml:3:5-34
	android:versionName
		INJECTED from src\main\AndroidManifest.xml
		ADDED from src\main\AndroidManifest.xml:2:1-302:12
		INJECTED from src\main\AndroidManifest.xml
	android:versionCode
		INJECTED from src\main\AndroidManifest.xml
		ADDED from src\main\AndroidManifest.xml:2:1-302:12
		INJECTED from src\main\AndroidManifest.xml
	xmlns:android
		ADDED from src\main\AndroidManifest.xml:2:11-69
uses-permission#android.permission.CAMERA
ADDED from src\main\AndroidManifest.xml:5:5-65
	android:name
		ADDED from src\main\AndroidManifest.xml:5:22-62
uses-permission#android.permission.VIBRATE
ADDED from src\main\AndroidManifest.xml:6:5-66
	android:name
		ADDED from src\main\AndroidManifest.xml:6:22-63
uses-permission#android.permission.INTERNET
ADDED from src\main\AndroidManifest.xml:7:5-67
MERGED from [io.anyline:anylinesdk:3.25.0] AndroidManifest.xml:12:5-67
MERGED from [io.anyline:anylinesdk:3.25.0] AndroidManifest.xml:12:5-67
	android:name
		ADDED from src\main\AndroidManifest.xml:7:22-64
uses-permission#android.permission.READ_EXTERNAL_STORAGE
ADDED from src\main\AndroidManifest.xml:8:5-80
	android:name
		ADDED from src\main\AndroidManifest.xml:8:22-77
uses-permission#android.permission.MANAGE_DOCUMENTS
ADDED from src\main\AndroidManifest.xml:9:5-75
	android:name
		ADDED from src\main\AndroidManifest.xml:9:22-72
application
ADDED from src\main\AndroidManifest.xml:11:5-300:19
MERGED from [com.android.support:preference-v14:26.1.0] AndroidManifest.xml:22:5-26:19
MERGED from [com.android.support:preference-v14:26.1.0] AndroidManifest.xml:22:5-26:19
MERGED from [com.android.support:design:26.1.0] AndroidManifest.xml:25:5-29:19
MERGED from [com.android.support:design:26.1.0] AndroidManifest.xml:25:5-29:19
MERGED from [com.android.support:preference-v7:26.1.0] AndroidManifest.xml:22:5-26:19
MERGED from [com.android.support:preference-v7:26.1.0] AndroidManifest.xml:22:5-26:19
MERGED from [com.android.support:appcompat-v7:26.1.0] AndroidManifest.xml:25:5-29:19
MERGED from [com.android.support:appcompat-v7:26.1.0] AndroidManifest.xml:25:5-29:19
MERGED from [io.anyline:anylinesdk:3.25.0] AndroidManifest.xml:14:5-20:19
MERGED from [io.anyline:anylinesdk:3.25.0] AndroidManifest.xml:14:5-20:19
MERGED from [com.google.android.gms:play-services-vision:10.0.1] AndroidManifest.xml:4:5-19
MERGED from [com.google.android.gms:play-services-vision:10.0.1] AndroidManifest.xml:4:5-19
MERGED from [com.android.support:animated-vector-drawable:26.1.0] AndroidManifest.xml:22:5-26:19
MERGED from [com.android.support:animated-vector-drawable:26.1.0] AndroidManifest.xml:22:5-26:19
MERGED from [com.android.support:support-vector-drawable:26.1.0] AndroidManifest.xml:22:5-26:19
MERGED from [com.android.support:support-vector-drawable:26.1.0] AndroidManifest.xml:22:5-26:19
MERGED from [com.android.support:recyclerview-v7:26.1.0] AndroidManifest.xml:22:5-26:19
MERGED from [com.android.support:recyclerview-v7:26.1.0] AndroidManifest.xml:22:5-26:19
MERGED from [com.android.support:transition:26.1.0] AndroidManifest.xml:22:5-26:19
MERGED from [com.android.support:transition:26.1.0] AndroidManifest.xml:22:5-26:19
MERGED from [com.google.android.gms:play-services-base:10.0.1] AndroidManifest.xml:18:5-20:19
MERGED from [com.google.android.gms:play-services-base:10.0.1] AndroidManifest.xml:18:5-20:19
MERGED from [com.google.android.gms:play-services-tasks:10.0.1] AndroidManifest.xml:4:5-19
MERGED from [com.google.android.gms:play-services-tasks:10.0.1] AndroidManifest.xml:4:5-19
MERGED from [com.google.android.gms:play-services-basement:10.0.1] AndroidManifest.xml:19:5-21:19
MERGED from [com.google.android.gms:play-services-basement:10.0.1] AndroidManifest.xml:19:5-21:19
MERGED from [com.android.support:support-v4:26.1.0] AndroidManifest.xml:25:5-29:19
MERGED from [com.android.support:support-v4:26.1.0] AndroidManifest.xml:25:5-29:19
MERGED from [com.android.support:support-fragment:26.1.0] AndroidManifest.xml:25:5-29:19
MERGED from [com.android.support:support-fragment:26.1.0] AndroidManifest.xml:25:5-29:19
MERGED from [com.android.support:support-core-ui:26.1.0] AndroidManifest.xml:25:5-29:19
MERGED from [com.android.support:support-core-ui:26.1.0] AndroidManifest.xml:25:5-29:19
MERGED from [com.android.support:support-media-compat:26.1.0] AndroidManifest.xml:25:5-29:19
MERGED from [com.android.support:support-media-compat:26.1.0] AndroidManifest.xml:25:5-29:19
MERGED from [com.android.support:support-core-utils:26.1.0] AndroidManifest.xml:25:5-29:19
MERGED from [com.android.support:support-core-utils:26.1.0] AndroidManifest.xml:25:5-29:19
MERGED from [com.android.support:support-compat:26.1.0] AndroidManifest.xml:25:5-29:19
MERGED from [com.android.support:support-compat:26.1.0] AndroidManifest.xml:25:5-29:19
MERGED from [android.arch.lifecycle:runtime:1.0.0] AndroidManifest.xml:24:5-28:19
MERGED from [android.arch.lifecycle:runtime:1.0.0] AndroidManifest.xml:24:5-28:19
	android:label
		ADDED from src\main\AndroidManifest.xml:14:9-41
	android:largeHeap
		ADDED from src\main\AndroidManifest.xml:15:9-33
	android:icon
		ADDED from src\main\AndroidManifest.xml:13:9-43
	android:allowBackup
		ADDED from src\main\AndroidManifest.xml:12:9-35
	android:theme
		ADDED from src\main\AndroidManifest.xml:16:9-40
activity#io.anyline.examples.MainActivity
ADDED from src\main\AndroidManifest.xml:18:9-27:20
	android:screenOrientation
		ADDED from src\main\AndroidManifest.xml:21:13-49
	android:label
		ADDED from src\main\AndroidManifest.xml:20:13-45
	android:name
		ADDED from src\main\AndroidManifest.xml:19:13-41
intent-filter#action:name:android.intent.action.MAIN+category:name:android.intent.category.LAUNCHER
ADDED from src\main\AndroidManifest.xml:22:13-26:29
action#android.intent.action.MAIN
ADDED from src\main\AndroidManifest.xml:23:17-69
	android:name
		ADDED from src\main\AndroidManifest.xml:23:25-66
category#android.intent.category.LAUNCHER
ADDED from src\main\AndroidManifest.xml:25:17-77
	android:name
		ADDED from src\main\AndroidManifest.xml:25:27-74
activity#io.anyline.examples.meterreadingprocesses.activities.ResultActivity
ADDED from src\main\AndroidManifest.xml:28:9-30:52
	android:screenOrientation
		ADDED from src\main\AndroidManifest.xml:30:13-49
	android:name
		ADDED from src\main\AndroidManifest.xml:29:13-76
activity#io.anyline.examples.meterreadingprocesses.activities.WorkOrdersActivity
ADDED from src\main\AndroidManifest.xml:31:9-33:52
	android:screenOrientation
		ADDED from src\main\AndroidManifest.xml:33:13-49
	android:name
		ADDED from src\main\AndroidManifest.xml:32:13-80
activity#io.anyline.examples.meterreadingprocesses.activities.SelfReadingScannerActivity
ADDED from src\main\AndroidManifest.xml:34:9-36:52
	android:screenOrientation
		ADDED from src\main\AndroidManifest.xml:36:13-49
	android:name
		ADDED from src\main\AndroidManifest.xml:35:13-88
activity#io.anyline.examples.meterreadingprocesses.activities.CustomerActivity
ADDED from src\main\AndroidManifest.xml:37:9-39:52
	android:screenOrientation
		ADDED from src\main\AndroidManifest.xml:39:13-49
	android:name
		ADDED from src\main\AndroidManifest.xml:38:13-78
activity#io.anyline.examples.meterreadingprocesses.activities.CustomerIdentifyScannerActivity
ADDED from src\main\AndroidManifest.xml:40:9-42:52
	android:screenOrientation
		ADDED from src\main\AndroidManifest.xml:42:13-49
	android:name
		ADDED from src\main\AndroidManifest.xml:41:13-93
activity#io.anyline.examples.meter.ScanAnalogElectricMeterActivity
ADDED from src\main\AndroidManifest.xml:44:9-52:20
	android:screenOrientation
		ADDED from src\main\AndroidManifest.xml:48:13-49
	android:parentActivityName
		ADDED from src\main\AndroidManifest.xml:47:13-55
	android:label
		ADDED from src\main\AndroidManifest.xml:46:13-57
	android:name
		ADDED from src\main\AndroidManifest.xml:45:13-66
meta-data#android.support.PARENT_ACTIVITY
ADDED from src\main\AndroidManifest.xml:49:13-51:68
	android:value
		ADDED from src\main\AndroidManifest.xml:51:17-65
	android:name
		ADDED from src\main\AndroidManifest.xml:50:17-63
activity#io.anyline.examples.meter.ScanAnalogGasMeterActivity
ADDED from src\main\AndroidManifest.xml:53:9-61:20
	android:screenOrientation
		ADDED from src\main\AndroidManifest.xml:57:13-49
	android:parentActivityName
		ADDED from src\main\AndroidManifest.xml:56:13-55
	android:label
		ADDED from src\main\AndroidManifest.xml:55:13-52
	android:name
		ADDED from src\main\AndroidManifest.xml:54:13-61
activity#io.anyline.examples.meter.ScanAnalogWaterMeterActivity
ADDED from src\main\AndroidManifest.xml:62:9-70:20
	android:screenOrientation
		ADDED from src\main\AndroidManifest.xml:66:13-49
	android:parentActivityName
		ADDED from src\main\AndroidManifest.xml:65:13-55
	android:label
		ADDED from src\main\AndroidManifest.xml:64:13-54
	android:name
		ADDED from src\main\AndroidManifest.xml:63:13-63
activity#io.anyline.examples.meter.ScanDigitalEnergyMeterActivity
ADDED from src\main\AndroidManifest.xml:71:9-79:20
	android:screenOrientation
		ADDED from src\main\AndroidManifest.xml:75:13-49
	android:parentActivityName
		ADDED from src\main\AndroidManifest.xml:74:13-55
	android:label
		ADDED from src\main\AndroidManifest.xml:73:13-56
	android:name
		ADDED from src\main\AndroidManifest.xml:72:13-65
activity#io.anyline.examples.meter.ScanDigitalHeatMeterActivity
ADDED from src\main\AndroidManifest.xml:80:9-88:20
	android:screenOrientation
		ADDED from src\main\AndroidManifest.xml:84:13-49
	android:parentActivityName
		ADDED from src\main\AndroidManifest.xml:83:13-55
	android:label
		ADDED from src\main\AndroidManifest.xml:82:13-53
	android:name
		ADDED from src\main\AndroidManifest.xml:81:13-63
activity#io.anyline.examples.meter.ScanAutoAnalogDigitalMeterActivity
ADDED from src\main\AndroidManifest.xml:89:9-97:20
	android:screenOrientation
		ADDED from src\main\AndroidManifest.xml:93:13-49
	android:parentActivityName
		ADDED from src\main\AndroidManifest.xml:92:13-55
	android:label
		ADDED from src\main\AndroidManifest.xml:91:13-68
	android:name
		ADDED from src\main\AndroidManifest.xml:90:13-69
activity#io.anyline.examples.meter.ScanDialMeterActivity
ADDED from src\main\AndroidManifest.xml:98:9-106:20
	android:screenOrientation
		ADDED from src\main\AndroidManifest.xml:102:13-49
	android:parentActivityName
		ADDED from src\main\AndroidManifest.xml:101:13-55
	android:label
		ADDED from src\main\AndroidManifest.xml:100:13-53
	android:name
		ADDED from src\main\AndroidManifest.xml:99:13-56
activity#io.anyline.examples.meter.ScanEnergySerialNumberActivity
ADDED from src\main\AndroidManifest.xml:107:9-115:20
	android:screenOrientation
		ADDED from src\main\AndroidManifest.xml:111:13-49
	android:parentActivityName
		ADDED from src\main\AndroidManifest.xml:110:13-55
	android:label
		ADDED from src\main\AndroidManifest.xml:109:13-63
	android:name
		ADDED from src\main\AndroidManifest.xml:108:13-65
activity#io.anyline.examples.ocr.ScanSerialNumberActivity
ADDED from src\main\AndroidManifest.xml:116:9-124:20
	android:screenOrientation
		ADDED from src\main\AndroidManifest.xml:120:13-49
	android:parentActivityName
		ADDED from src\main\AndroidManifest.xml:119:13-55
	android:label
		ADDED from src\main\AndroidManifest.xml:118:13-56
	android:name
		ADDED from src\main\AndroidManifest.xml:117:13-57
activity#io.anyline.examples.ocr.ScanShippingContainerActivity
ADDED from src\main\AndroidManifest.xml:125:9-133:20
	android:screenOrientation
		ADDED from src\main\AndroidManifest.xml:129:13-49
	android:parentActivityName
		ADDED from src\main\AndroidManifest.xml:128:13-55
	android:label
		ADDED from src\main\AndroidManifest.xml:127:13-61
	android:name
		ADDED from src\main\AndroidManifest.xml:126:13-62
activity#io.anyline.examples.mrz.ScanMrzActivity
ADDED from src\main\AndroidManifest.xml:134:9-142:20
	android:screenOrientation
		ADDED from src\main\AndroidManifest.xml:138:13-49
	android:parentActivityName
		ADDED from src\main\AndroidManifest.xml:137:13-55
	android:label
		ADDED from src\main\AndroidManifest.xml:136:13-46
	android:name
		ADDED from src\main\AndroidManifest.xml:135:13-48
activity#io.anyline.examples.barcode.ScanBarcodeActivity
ADDED from src\main\AndroidManifest.xml:143:9-151:20
	android:screenOrientation
		ADDED from src\main\AndroidManifest.xml:147:13-49
	android:parentActivityName
		ADDED from src\main\AndroidManifest.xml:146:13-55
	android:label
		ADDED from src\main\AndroidManifest.xml:145:13-50
	android:name
		ADDED from src\main\AndroidManifest.xml:144:13-56
activity#io.anyline.examples.document.ScanDocumentActivity
ADDED from src\main\AndroidManifest.xml:152:9-160:20
	android:screenOrientation
		ADDED from src\main\AndroidManifest.xml:156:13-49
	android:parentActivityName
		ADDED from src\main\AndroidManifest.xml:155:13-55
	android:label
		ADDED from src\main\AndroidManifest.xml:154:13-51
	android:name
		ADDED from src\main\AndroidManifest.xml:153:13-58
activity#io.anyline.examples.ocr.ScanScrabbleActivity
ADDED from src\main\AndroidManifest.xml:161:9-169:20
	android:screenOrientation
		ADDED from src\main\AndroidManifest.xml:165:13-49
	android:parentActivityName
		ADDED from src\main\AndroidManifest.xml:164:13-55
	android:label
		ADDED from src\main\AndroidManifest.xml:163:13-51
	android:name
		ADDED from src\main\AndroidManifest.xml:162:13-53
activity#io.anyline.examples.ocr.ScanBottlecapActivity
ADDED from src\main\AndroidManifest.xml:170:9-178:20
	android:screenOrientation
		ADDED from src\main\AndroidManifest.xml:174:13-49
	android:parentActivityName
		ADDED from src\main\AndroidManifest.xml:173:13-55
	android:label
		ADDED from src\main\AndroidManifest.xml:172:13-52
	android:name
		ADDED from src\main\AndroidManifest.xml:171:13-54
activity#io.anyline.examples.ocr.ScanRedBullCodeActivity
ADDED from src\main\AndroidManifest.xml:179:9-187:20
	android:screenOrientation
		ADDED from src\main\AndroidManifest.xml:183:13-49
	android:parentActivityName
		ADDED from src\main\AndroidManifest.xml:182:13-55
	android:label
		ADDED from src\main\AndroidManifest.xml:181:13-50
	android:name
		ADDED from src\main\AndroidManifest.xml:180:13-56
activity#io.anyline.examples.ocr.ScanIsbnActivity
ADDED from src\main\AndroidManifest.xml:188:9-196:20
	android:screenOrientation
		ADDED from src\main\AndroidManifest.xml:192:13-49
	android:parentActivityName
		ADDED from src\main\AndroidManifest.xml:191:13-55
	android:label
		ADDED from src\main\AndroidManifest.xml:190:13-47
	android:name
		ADDED from src\main\AndroidManifest.xml:189:13-49
activity#io.anyline.examples.ocr.ScanRecordActivity
ADDED from src\main\AndroidManifest.xml:197:9-205:20
	android:screenOrientation
		ADDED from src\main\AndroidManifest.xml:201:13-49
	android:parentActivityName
		ADDED from src\main\AndroidManifest.xml:200:13-55
	android:label
		ADDED from src\main\AndroidManifest.xml:199:13-49
	android:name
		ADDED from src\main\AndroidManifest.xml:198:13-51
activity#io.anyline.examples.ocr.ScanVoucherCodeActivity
ADDED from src\main\AndroidManifest.xml:206:9-214:20
	android:screenOrientation
		ADDED from src\main\AndroidManifest.xml:210:13-49
	android:parentActivityName
		ADDED from src\main\AndroidManifest.xml:209:13-55
	android:label
		ADDED from src\main\AndroidManifest.xml:208:13-50
	android:name
		ADDED from src\main\AndroidManifest.xml:207:13-56
activity#io.anyline.examples.ocr.ScanIbanActivity
ADDED from src\main\AndroidManifest.xml:215:9-223:20
	android:screenOrientation
		ADDED from src\main\AndroidManifest.xml:219:13-49
	android:parentActivityName
		ADDED from src\main\AndroidManifest.xml:218:13-55
	android:label
		ADDED from src\main\AndroidManifest.xml:217:13-47
	android:name
		ADDED from src\main\AndroidManifest.xml:216:13-49
activity#io.anyline.examples.licenseplate.ScanLicensePlateActivity
ADDED from src\main\AndroidManifest.xml:224:9-232:20
	android:screenOrientation
		ADDED from src\main\AndroidManifest.xml:228:13-49
	android:parentActivityName
		ADDED from src\main\AndroidManifest.xml:227:13-55
	android:label
		ADDED from src\main\AndroidManifest.xml:226:13-56
	android:name
		ADDED from src\main\AndroidManifest.xml:225:13-66
activity#io.anyline.examples.drivinglicense.ScanDrivingLicenseActivity
ADDED from src\main\AndroidManifest.xml:233:9-241:20
	android:screenOrientation
		ADDED from src\main\AndroidManifest.xml:237:13-49
	android:parentActivityName
		ADDED from src\main\AndroidManifest.xml:236:13-55
	android:label
		ADDED from src\main\AndroidManifest.xml:235:13-58
	android:name
		ADDED from src\main\AndroidManifest.xml:234:13-70
activity#io.anyline.examples.ocr.ScanMileometerActivity
ADDED from src\main\AndroidManifest.xml:242:9-249:20
	android:parentActivityName
		ADDED from src\main\AndroidManifest.xml:245:13-55
	android:label
		ADDED from src\main\AndroidManifest.xml:244:13-53
	android:name
		ADDED from src\main\AndroidManifest.xml:243:13-55
activity#io.anyline.examples.ocr.ScanVehicleIdentificationNumberActivity
ADDED from src\main\AndroidManifest.xml:250:9-257:20
	android:parentActivityName
		ADDED from src\main\AndroidManifest.xml:253:13-55
	android:label
		ADDED from src\main\AndroidManifest.xml:252:13-40
	android:name
		ADDED from src\main\AndroidManifest.xml:251:13-72
activity#io.anyline.examples.scanviewresult.ScanViewResultActivity
ADDED from src\main\AndroidManifest.xml:258:9-267:20
	android:screenOrientation
		ADDED from src\main\AndroidManifest.xml:262:13-49
	android:parentActivityName
		ADDED from src\main\AndroidManifest.xml:261:13-55
	android:label
		ADDED from src\main\AndroidManifest.xml:260:13-40
	android:theme
		ADDED from src\main\AndroidManifest.xml:263:13-58
	android:name
		ADDED from src\main\AndroidManifest.xml:259:13-66
activity#io.anyline.examples.ocr.apis.AnagramActivity
ADDED from src\main\AndroidManifest.xml:268:9-277:20
	android:screenOrientation
		ADDED from src\main\AndroidManifest.xml:272:13-49
	android:parentActivityName
		ADDED from src\main\AndroidManifest.xml:271:13-67
	android:label
		ADDED from src\main\AndroidManifest.xml:270:13-58
	android:theme
		ADDED from src\main\AndroidManifest.xml:273:13-58
	android:name
		ADDED from src\main\AndroidManifest.xml:269:13-53
activity#io.anyline.examples.ocr.apis.IsbnActivity
ADDED from src\main\AndroidManifest.xml:278:9-287:20
	android:screenOrientation
		ADDED from src\main\AndroidManifest.xml:282:13-49
	android:parentActivityName
		ADDED from src\main\AndroidManifest.xml:281:13-63
	android:label
		ADDED from src\main\AndroidManifest.xml:280:13-54
	android:theme
		ADDED from src\main\AndroidManifest.xml:283:13-58
	android:name
		ADDED from src\main\AndroidManifest.xml:279:13-50
activity#io.anyline.examples.ocr.apis.RecordSearchActivity
ADDED from src\main\AndroidManifest.xml:288:9-297:20
	android:screenOrientation
		ADDED from src\main\AndroidManifest.xml:292:13-49
	android:parentActivityName
		ADDED from src\main\AndroidManifest.xml:291:13-65
	android:label
		ADDED from src\main\AndroidManifest.xml:290:13-56
	android:theme
		ADDED from src\main\AndroidManifest.xml:293:13-58
	android:name
		ADDED from src\main\AndroidManifest.xml:289:13-58
uses-sdk
INJECTED from src\main\AndroidManifest.xml reason: use-sdk injection requested
INJECTED from src\main\AndroidManifest.xml
INJECTED from src\main\AndroidManifest.xml
MERGED from [com.android.support:preference-v14:26.1.0] AndroidManifest.xml:20:5-44
MERGED from [com.android.support:preference-v14:26.1.0] AndroidManifest.xml:20:5-44
MERGED from [com.android.support:design:26.1.0] AndroidManifest.xml:21:5-23:62
MERGED from [com.android.support:design:26.1.0] AndroidManifest.xml:21:5-23:62
MERGED from [com.android.support:preference-v7:26.1.0] AndroidManifest.xml:20:5-44
MERGED from [com.android.support:preference-v7:26.1.0] AndroidManifest.xml:20:5-44
MERGED from [com.android.support:appcompat-v7:26.1.0] AndroidManifest.xml:21:5-23:78
MERGED from [com.android.support:appcompat-v7:26.1.0] AndroidManifest.xml:21:5-23:78
MERGED from [com.android.support:multidex:1.0.2] AndroidManifest.xml:20:5-43
MERGED from [com.android.support:multidex:1.0.2] AndroidManifest.xml:20:5-43
MERGED from [io.anyline:anylinesdk:3.25.0] AndroidManifest.xml:8:5-10:41
MERGED from [io.anyline:anylinesdk:3.25.0] AndroidManifest.xml:8:5-10:41
MERGED from [com.google.android.gms:play-services-vision:10.0.1] AndroidManifest.xml:3:5-42
MERGED from [com.google.android.gms:play-services-vision:10.0.1] AndroidManifest.xml:3:5-42
MERGED from [com.android.support:animated-vector-drawable:26.1.0] AndroidManifest.xml:20:5-44
MERGED from [com.android.support:animated-vector-drawable:26.1.0] AndroidManifest.xml:20:5-44
MERGED from [com.android.support:support-vector-drawable:26.1.0] AndroidManifest.xml:20:5-44
MERGED from [com.android.support:support-vector-drawable:26.1.0] AndroidManifest.xml:20:5-44
MERGED from [com.android.support:recyclerview-v7:26.1.0] AndroidManifest.xml:20:5-44
MERGED from [com.android.support:recyclerview-v7:26.1.0] AndroidManifest.xml:20:5-44
MERGED from [com.android.support:transition:26.1.0] AndroidManifest.xml:20:5-44
MERGED from [com.android.support:transition:26.1.0] AndroidManifest.xml:20:5-44
MERGED from [com.google.android.gms:play-services-base:10.0.1] AndroidManifest.xml:17:5-42
MERGED from [com.google.android.gms:play-services-base:10.0.1] AndroidManifest.xml:17:5-42
MERGED from [com.google.android.gms:play-services-tasks:10.0.1] AndroidManifest.xml:3:5-42
MERGED from [com.google.android.gms:play-services-tasks:10.0.1] AndroidManifest.xml:3:5-42
MERGED from [com.google.android.gms:play-services-basement:10.0.1] AndroidManifest.xml:17:5-42
MERGED from [com.google.android.gms:play-services-basement:10.0.1] AndroidManifest.xml:17:5-42
MERGED from [com.android.support:support-v4:26.1.0] AndroidManifest.xml:21:5-23:54
MERGED from [com.android.support:support-v4:26.1.0] AndroidManifest.xml:21:5-23:54
MERGED from [com.android.support:support-fragment:26.1.0] AndroidManifest.xml:21:5-23:60
MERGED from [com.android.support:support-fragment:26.1.0] AndroidManifest.xml:21:5-23:60
MERGED from [com.android.support:support-core-ui:26.1.0] AndroidManifest.xml:21:5-23:58
MERGED from [com.android.support:support-core-ui:26.1.0] AndroidManifest.xml:21:5-23:58
MERGED from [com.android.support:support-media-compat:26.1.0] AndroidManifest.xml:21:5-23:63
MERGED from [com.android.support:support-media-compat:26.1.0] AndroidManifest.xml:21:5-23:63
MERGED from [com.android.support:support-core-utils:26.1.0] AndroidManifest.xml:21:5-23:61
MERGED from [com.android.support:support-core-utils:26.1.0] AndroidManifest.xml:21:5-23:61
MERGED from [com.android.support:support-compat:26.1.0] AndroidManifest.xml:21:5-23:58
MERGED from [com.android.support:support-compat:26.1.0] AndroidManifest.xml:21:5-23:58
MERGED from [android.arch.lifecycle:runtime:1.0.0] AndroidManifest.xml:20:5-22:41
MERGED from [android.arch.lifecycle:runtime:1.0.0] AndroidManifest.xml:20:5-22:41
INJECTED from src\main\AndroidManifest.xml
INJECTED from src\main\AndroidManifest.xml
	tools:overrideLibrary
		ADDED from [com.android.support:design:26.1.0] AndroidManifest.xml:23:9-59
	android:targetSdkVersion
		INJECTED from src\main\AndroidManifest.xml
		ADDED from src\main\AndroidManifest.xml
		INJECTED from src\main\AndroidManifest.xml
	android:minSdkVersion
		INJECTED from src\main\AndroidManifest.xml
		ADDED from src\main\AndroidManifest.xml
		INJECTED from src\main\AndroidManifest.xml
meta-data#android.support.VERSION
ADDED from [com.android.support:preference-v14:26.1.0] AndroidManifest.xml:23:9-25:38
MERGED from [com.android.support:design:26.1.0] AndroidManifest.xml:26:9-28:38
MERGED from [com.android.support:design:26.1.0] AndroidManifest.xml:26:9-28:38
MERGED from [com.android.support:preference-v7:26.1.0] AndroidManifest.xml:23:9-25:38
MERGED from [com.android.support:preference-v7:26.1.0] AndroidManifest.xml:23:9-25:38
MERGED from [com.android.support:appcompat-v7:26.1.0] AndroidManifest.xml:26:9-28:38
MERGED from [com.android.support:appcompat-v7:26.1.0] AndroidManifest.xml:26:9-28:38
MERGED from [com.android.support:animated-vector-drawable:26.1.0] AndroidManifest.xml:23:9-25:38
MERGED from [com.android.support:animated-vector-drawable:26.1.0] AndroidManifest.xml:23:9-25:38
MERGED from [com.android.support:support-vector-drawable:26.1.0] AndroidManifest.xml:23:9-25:38
MERGED from [com.android.support:support-vector-drawable:26.1.0] AndroidManifest.xml:23:9-25:38
MERGED from [com.android.support:recyclerview-v7:26.1.0] AndroidManifest.xml:23:9-25:38
MERGED from [com.android.support:recyclerview-v7:26.1.0] AndroidManifest.xml:23:9-25:38
MERGED from [com.android.support:transition:26.1.0] AndroidManifest.xml:23:9-25:38
MERGED from [com.android.support:transition:26.1.0] AndroidManifest.xml:23:9-25:38
MERGED from [com.android.support:support-v4:26.1.0] AndroidManifest.xml:26:9-28:38
MERGED from [com.android.support:support-v4:26.1.0] AndroidManifest.xml:26:9-28:38
MERGED from [com.android.support:support-fragment:26.1.0] AndroidManifest.xml:26:9-28:38
MERGED from [com.android.support:support-fragment:26.1.0] AndroidManifest.xml:26:9-28:38
MERGED from [com.android.support:support-core-ui:26.1.0] AndroidManifest.xml:26:9-28:38
MERGED from [com.android.support:support-core-ui:26.1.0] AndroidManifest.xml:26:9-28:38
MERGED from [com.android.support:support-media-compat:26.1.0] AndroidManifest.xml:26:9-28:38
MERGED from [com.android.support:support-media-compat:26.1.0] AndroidManifest.xml:26:9-28:38
MERGED from [com.android.support:support-core-utils:26.1.0] AndroidManifest.xml:26:9-28:38
MERGED from [com.android.support:support-core-utils:26.1.0] AndroidManifest.xml:26:9-28:38
MERGED from [com.android.support:support-compat:26.1.0] AndroidManifest.xml:26:9-28:38
MERGED from [com.android.support:support-compat:26.1.0] AndroidManifest.xml:26:9-28:38
	android:value
		ADDED from [com.android.support:preference-v14:26.1.0] AndroidManifest.xml:25:13-35
	android:name
		ADDED from [com.android.support:preference-v14:26.1.0] AndroidManifest.xml:24:13-51
meta-data#com.google.android.gms.vision.DEPENDENCIES
ADDED from [io.anyline:anylinesdk:3.25.0] AndroidManifest.xml:17:9-19:39
	android:value
		ADDED from [io.anyline:anylinesdk:3.25.0] AndroidManifest.xml:19:13-36
	android:name
		ADDED from [io.anyline:anylinesdk:3.25.0] AndroidManifest.xml:18:13-70
activity#com.google.android.gms.common.api.GoogleApiActivity
ADDED from [com.google.android.gms:play-services-base:10.0.1] AndroidManifest.xml:19:9-172
	android:exported
		ADDED from [com.google.android.gms:play-services-base:10.0.1] AndroidManifest.xml:19:146-170
	android:theme
		ADDED from [com.google.android.gms:play-services-base:10.0.1] AndroidManifest.xml:19:86-145
	android:name
		ADDED from [com.google.android.gms:play-services-base:10.0.1] AndroidManifest.xml:19:19-85
meta-data#com.google.android.gms.version
ADDED from [com.google.android.gms:play-services-basement:10.0.1] AndroidManifest.xml:20:9-121
	android:value
		ADDED from [com.google.android.gms:play-services-basement:10.0.1] AndroidManifest.xml:20:66-119
	android:name
		ADDED from [com.google.android.gms:play-services-basement:10.0.1] AndroidManifest.xml:20:20-65
meta-data#android.arch.lifecycle.VERSION
ADDED from [android.arch.lifecycle:runtime:1.0.0] AndroidManifest.xml:25:9-27:47
	android:value
		ADDED from [android.arch.lifecycle:runtime:1.0.0] AndroidManifest.xml:27:13-44
	android:name
		ADDED from [android.arch.lifecycle:runtime:1.0.0] AndroidManifest.xml:26:13-58